\BOOKMARK [0][]{chapter*.1}{\376\377\144\130\211\201}{}% 1
\BOOKMARK [0][]{ustctoc.0}{\376\377\166\356\137\125}{}% 2
\BOOKMARK [0][]{chapter.1}{\376\377\173\054\0001\172\340\000\040\000\040\173\200\116\313}{}% 3
\BOOKMARK [1][-]{section.1.1}{\376\377\0001\000.\0001\000\040\166\356\166\204}{chapter.1}% 4
\BOOKMARK [1][-]{section.1.2}{\376\377\0001\000.\0002\000\040\203\003\126\364}{chapter.1}% 5
\BOOKMARK [0][]{chapter.2}{\376\377\173\054\0002\172\340\000\040\000\040\140\073\117\123\151\202\217\360}{}% 6
\BOOKMARK [1][-]{section.2.1}{\376\377\0002\000.\0001\000\040\217\157\116\366\151\202\217\360}{chapter.2}% 7
\BOOKMARK [2][-]{subsection.2.1.1}{\376\377\0002\000.\0001\000.\0001\000\040\230\171\166\356\116\313\176\315}{section.2.1}% 8
\BOOKMARK [2][-]{subsection.2.1.2}{\376\377\0002\000.\0001\000.\0002\000\040\116\247\124\301\163\257\130\203\116\313\176\315}{section.2.1}% 9
\BOOKMARK [1][-]{section.2.2}{\376\377\0002\000.\0002\000\040\217\157\116\366\122\237\200\375}{chapter.2}% 10
\BOOKMARK [1][-]{section.2.3}{\376\377\0002\000.\0003\000\040\165\050\142\067\162\171\137\201}{chapter.2}% 11
\BOOKMARK [1][-]{section.2.4}{\376\377\0002\000.\0004\000\040\120\107\213\276\124\214\117\235\215\126\121\163\174\373}{chapter.2}% 12
\BOOKMARK [0][]{chapter.3}{\376\377\173\054\0003\172\340\000\040\000\040\121\167\117\123\227\000\154\102}{}% 13
\BOOKMARK [1][-]{section.3.1}{\376\377\0003\000.\0001\000\040\122\237\200\375\227\000\154\102}{chapter.3}% 14
\BOOKMARK [2][-]{subsection.3.1.1}{\376\377\0003\000.\0001\000.\0001\000\040\000A\000n\000d\000r\000o\000i\000d\133\242\142\067\172\357\122\237\200\375\227\000\154\102}{section.3.1}% 15
\BOOKMARK [1][-]{section.3.2}{\376\377\0003\000.\0002\000\040\140\047\200\375\227\000\154\102}{chapter.3}% 16
\BOOKMARK [2][-]{subsection.3.2.1}{\376\377\0003\000.\0002\000.\0001\000\040\147\015\122\241\126\150\172\357\140\047\200\375\227\000\154\102}{section.3.2}% 17
\BOOKMARK [2][-]{subsection.3.2.2}{\376\377\0003\000.\0002\000.\0002\000\040\000A\000n\000d\000r\000o\000i\000d\133\242\142\067\172\357\140\047\200\375\227\000\154\102}{section.3.2}% 18
\BOOKMARK [1][-]{section.3.3}{\376\377\0003\000.\0003\000\040\131\026\220\350\143\245\123\343\227\000\154\102}{chapter.3}% 19
\BOOKMARK [2][-]{subsection.3.3.1}{\376\377\0003\000.\0003\000.\0001\000\040\165\050\142\067\143\245\123\343}{section.3.3}% 20
\BOOKMARK [2][-]{subsection.3.3.2}{\376\377\0003\000.\0003\000.\0002\000\040\217\157\116\366\143\245\123\343}{section.3.3}% 21
\BOOKMARK [2][-]{subsection.3.3.3}{\376\377\0003\000.\0003\000.\0003\000\040\170\154\116\366\143\245\123\343}{section.3.3}% 22
\BOOKMARK [2][-]{subsection.3.3.4}{\376\377\0003\000.\0003\000.\0004\000\040\220\032\213\257\143\245\123\343}{section.3.3}% 23
\BOOKMARK [0][]{chapter.4}{\376\377\173\054\0004\172\340\000\040\000\040\140\073\117\123\213\276\213\241\176\246\147\137}{}% 24
\BOOKMARK [1][-]{section.4.1}{\376\377\0004\000.\0001\000\040\150\007\121\306\173\046\124\010\140\047}{chapter.4}% 25
\BOOKMARK [1][-]{section.4.2}{\376\377\0004\000.\0002\000\040\170\154\116\366\176\246\147\137}{chapter.4}% 26
\BOOKMARK [1][-]{section.4.3}{\376\377\0004\000.\0003\000\040\142\200\147\057\226\120\122\066}{chapter.4}% 27
\BOOKMARK [1][-]{section.4.4}{\376\377\0004\000.\0004\000\040\133\236\163\260\122\237\200\375\176\246\147\137}{chapter.4}% 28
\BOOKMARK [0][]{chapter.5}{\376\377\173\054\0005\172\340\000\040\000\040\217\157\116\366\215\050\221\317\162\171\140\047}{}% 29
\BOOKMARK [1][-]{section.5.1}{\376\377\0005\000.\0001\000\040\220\002\136\224\140\047}{chapter.5}% 30
\BOOKMARK [1][-]{section.5.2}{\376\377\0005\000.\0002\000\040\116\244\116\222\135\345\117\134\200\375\122\233}{chapter.5}% 31
\BOOKMARK [1][-]{section.5.3}{\376\377\0005\000.\0003\000\040\160\165\155\073\140\047}{chapter.5}% 32
\BOOKMARK [1][-]{section.5.4}{\376\377\0005\000.\0004\000\040\123\357\176\364\142\244\140\047}{chapter.5}% 33
\BOOKMARK [1][-]{section.5.5}{\376\377\0005\000.\0005\000\040\123\357\171\373\151\015\140\047}{chapter.5}% 34
\BOOKMARK [1][-]{section.5.6}{\376\377\0005\000.\0006\000\040\123\357\155\113\213\325\140\047}{chapter.5}% 35
\BOOKMARK [1][-]{section.5.7}{\376\377\0005\000.\0007\000\040\133\211\121\150\123\357\227\140\140\047}{chapter.5}% 36
\BOOKMARK [0][]{chapter.6}{\376\377\173\054\0006\172\340\000\040\000\040\121\166\116\326\227\000\154\102}{}% 37
\BOOKMARK [1][-]{section.6.1}{\376\377\0006\000.\0001\000\040\145\160\143\156\136\223}{chapter.6}% 38
\BOOKMARK [1][-]{section.6.2}{\376\377\0006\000.\0002\000\040\144\315\117\134}{chapter.6}% 39
\BOOKMARK [1][-]{section.6.3}{\376\377\0006\000.\0003\000\040\147\054\127\060\123\026}{chapter.6}% 40
\BOOKMARK [1][-]{section.6.4}{\376\377\0006\000.\0004\000\040\177\026\170\001}{chapter.6}% 41
\BOOKMARK [0][]{chapter.7}{\376\377\173\054\0007\172\340\000\040\000\040\117\235\215\126\121\163\174\373}{}% 42
\BOOKMARK [1][-]{section.7.1}{\376\377\0007\000.\0001\000\040\122\237\200\375\227\000\154\102}{chapter.7}% 43
\BOOKMARK [2][-]{subsection.7.1.1}{\376\377\0007\000.\0001\000.\0001\000\040\000A\000n\000d\000r\000o\000i\000d\133\242\142\067\172\357\122\237\200\375\211\201\154\102}{section.7.1}% 44
\BOOKMARK [1][-]{section.7.2}{\376\377\0007\000.\0002\000\040\121\205\220\350\117\235\215\126}{chapter.7}% 45
\BOOKMARK [1][-]{section.7.3}{\376\377\0007\000.\0003\000\040\140\047\200\375\227\000\154\102}{chapter.7}% 46
\BOOKMARK [2][-]{subsection.7.3.1}{\376\377\0007\000.\0003\000.\0001\000\040\147\015\122\241\126\150\172\357\140\047\200\375\211\201\154\102}{section.7.3}% 47
\BOOKMARK [1][-]{section.7.4}{\376\377\0007\000.\0004\000\040\121\205\220\350\117\235\215\126}{chapter.7}% 48
\BOOKMARK [2][-]{subsection.7.4.1}{\376\377\0007\000.\0004\000.\0001\000\040\000A\000n\000d\000r\000o\000i\000d\172\357\140\047\200\375\211\201\154\102}{section.7.4}% 49
\BOOKMARK [1][-]{section.7.5}{\376\377\0007\000.\0005\000\040\143\245\123\343\227\000\154\102}{chapter.7}% 50
\BOOKMARK [2][-]{subsection.7.5.1}{\376\377\0007\000.\0005\000.\0001\000\040\165\050\142\067\143\245\123\343}{section.7.5}% 51
\BOOKMARK [2][-]{subsection.7.5.2}{\376\377\0007\000.\0005\000.\0002\000\040\217\157\116\366\143\245\123\343}{section.7.5}% 52
\BOOKMARK [1][-]{section.7.6}{\376\377\0007\000.\0006\000\040\121\205\220\350\117\235\215\126}{chapter.7}% 53
\BOOKMARK [1][-]{section.7.7}{\376\377\0007\000.\0007\000\040\131\026\220\350\117\235\215\126}{chapter.7}% 54
\BOOKMARK [2][-]{subsection.7.7.1}{\376\377\0007\000.\0007\000.\0001\000\040\170\154\116\366\143\245\123\343}{section.7.7}% 55
\BOOKMARK [1][-]{section.7.8}{\376\377\0007\000.\0008\000\040\121\205\220\350\117\235\215\126}{chapter.7}% 56
\BOOKMARK [1][-]{section.7.9}{\376\377\0007\000.\0009\000\040\131\026\220\350\117\235\215\126}{chapter.7}% 57
\BOOKMARK [2][-]{subsection.7.9.1}{\376\377\0007\000.\0009\000.\0001\000\040\220\032\117\341\143\245\123\343}{section.7.9}% 58
\BOOKMARK [1][-]{section.7.10}{\376\377\0007\000.\0001\0000\000\040\121\205\220\350\117\235\215\126}{chapter.7}% 59
\BOOKMARK [1][-]{section.7.11}{\376\377\0007\000.\0001\0001\000\040\131\026\220\350\117\235\215\126}{chapter.7}% 60
\BOOKMARK [0][]{chapter.8}{\376\377\173\054\0008\172\340\000\040\000\040\227\000\154\102\122\006\176\247}{}% 61
\BOOKMARK [0][]{chapter.9}{\376\377\173\054\0009\172\340\000\040\000\040\137\205\170\156\133\232\225\356\230\230}{}% 62
\BOOKMARK [0][]{chapter.10}{\376\377\173\054\0001\0000\172\340\000\040\000\040\000L\000a\000t\000e\000x\117\177\165\050\117\213\133\120}{}% 63
\BOOKMARK [1][-]{section.10.1}{\376\377\0001\0000\000.\0001\000\040\126\376}{chapter.10}% 64
\BOOKMARK [2][-]{subsection.10.1.1}{\376\377\0001\0000\000.\0001\000.\0001\000\040\171\072\117\213}{section.10.1}% 65
\BOOKMARK [2][-]{subsection.10.1.2}{\376\377\0001\0000\000.\0001\000.\0002\000\040\136\046\126\376\154\350\166\204\126\376}{section.10.1}% 66
\BOOKMARK [1][-]{section.10.2}{\376\377\0001\0000\000.\0002\000\040\210\150\150\074}{chapter.10}% 67
\BOOKMARK [2][-]{subsection.10.2.1}{\376\377\0001\0000\000.\0002\000.\0001\000\040\000A\000\040\000S\000i\000m\000p\000l\000e\000\040\000T\000a\000b\000l\000e}{section.10.2}% 68
\BOOKMARK [2][-]{subsection.10.2.2}{\376\377\0001\0000\000.\0002\000.\0002\000\040\225\177\210\150\150\074}{section.10.2}% 69
\BOOKMARK [1][-]{section.10.3}{\376\377\0001\0000\000.\0003\000\040\173\227\154\325\163\257\130\203}{chapter.10}% 70
\BOOKMARK [1][-]{section.10.4}{\376\377\0001\0000\000.\0004\000\040\116\343\170\001\163\257\130\203}{chapter.10}% 71
\BOOKMARK [1][-]{section.10.5}{\376\377\0001\0000\000.\0005\000\040\137\025\165\050\145\207\163\056\150\007\154\350}{chapter.10}% 72
\BOOKMARK [2][-]{subsection.10.5.1}{\376\377\0001\0000\000.\0005\000.\0001\000\040\204\127\200\005\000-\121\372\162\110\136\164\122\066\150\007\154\350\154\325}{section.10.5}% 73
\BOOKMARK [2][-]{subsection.10.5.2}{\376\377\0001\0000\000.\0005\000.\0002\000\040\230\172\136\217\177\026\170\001\122\066\150\007\154\350\154\325}{section.10.5}% 74
\BOOKMARK [2][-]{subsection.10.5.3}{\376\377\0001\0000\000.\0005\000.\0003\000\040\121\166\116\326\137\142\137\017\166\204\150\007\154\350}{section.10.5}% 75
\BOOKMARK [0][]{chapter*.15}{\376\377\123\302\200\003\145\207\163\056}{}% 76
\BOOKMARK [0][]{appendix.A}{\376\377\226\104\137\125\000\040\000A\000\040\000\040\123\357\210\114\140\047\122\006\147\220\176\323\147\234}{}% 77
\BOOKMARK [0][]{appendix.B}{\376\377\226\104\137\125\000\040\000B\000\040\000\040\227\000\154\102\136\372\152\041\000\040}{}% 78
\BOOKMARK [1][-]{section.B.1}{\376\377\000B\000.\0001\000\040\145\160\143\156\155\101\126\376}{appendix.B}% 79
\BOOKMARK [2][-]{subsection.B.1.1}{\376\377\000B\000.\0001\000.\0001\000\040\230\166\134\102\145\160\143\156\155\101\126\376}{section.B.1}% 80
\BOOKMARK [2][-]{subsection.B.1.2}{\376\377\000B\000.\0001\000.\0002\000\040\134\102\145\160\143\156\155\101\126\376}{section.B.1}% 81
\BOOKMARK [1][-]{section.B.2}{\376\377\000B\000.\0002\000\040\145\160\143\156\133\127\121\170}{appendix.B}% 82
\BOOKMARK [2][-]{subsection.B.2.1}{\376\377\000B\000.\0002\000.\0001\000\040\145\160\143\156\155\101\213\364\146\016}{section.B.2}% 83
\BOOKMARK [2][-]{subsection.B.2.2}{\376\377\000B\000.\0002\000.\0002\000\040\145\160\143\156\133\130\120\250\213\364\146\016}{section.B.2}% 84
\BOOKMARK [2][-]{subsection.B.2.3}{\376\377\000B\000.\0002\000.\0003\000\040\122\240\135\345\213\364\146\016}{section.B.2}% 85
