This is XeTeX, Version 3.1415926-2.3-0.9997.5 (MiKTeX 2.9) (preloaded format=xelatex 2018.4.28)  28 APR 2018 23:13
entering extended mode
**main.tex

(C:\Users\qianjxiang\Documents\GitHub\software-engineering-project\chatApp\main
.tex
LaTeX2e <2011/06/27>
Babel <v3.8m> and hyphenation patterns for loaded.

(C:\Users\qianjxiang\Documents\GitHub\software-engineering-project\chatApp\ustc
thesis.cls
Document Class: ustcthesis 2017/02/26 v2.1.4 USTC thesis template
(F:\CTEX\MiKTeX\tex\latex\oberdiek\kvoptions.sty
Package: kvoptions 2010/12/23 v3.10 Keyval support for LaTeX options (HO)

(F:\CTEX\MiKTeX\tex\latex\graphics\keyval.sty
Package: keyval 1999/03/16 v1.13 key=value parser (DPC)
\KV@toks@=\toks14
)
(F:\CTEX\MiKTeX\tex\generic\oberdiek\ltxcmds.sty
Package: ltxcmds 2011/04/18 v1.20 LaTeX kernel commands for general use (HO)
)
(F:\CTEX\MiKTeX\tex\generic\oberdiek\kvsetkeys.sty
Package: kvsetkeys 2011/04/07 v1.13 Key value parser (HO)

(F:\CTEX\MiKTeX\tex\generic\oberdiek\infwarerr.sty
Package: infwarerr 2010/04/08 v1.3 Providing info/warning/message (HO)
)
(F:\CTEX\MiKTeX\tex\generic\oberdiek\etexcmds.sty
Package: etexcmds 2011/02/16 v1.5 Prefix for e-TeX command names (HO)

(F:\CTEX\MiKTeX\tex\generic\oberdiek\ifluatex.sty
Package: ifluatex 2010/03/01 v1.3 Provides the ifluatex switch (HO)
Package ifluatex Info: LuaTeX not detected.
)
Package etexcmds Info: Could not find \expanded.
(etexcmds)             That can mean that you are not using pdfTeX 1.50 or
(etexcmds)             that some package has redefined \expanded.
(etexcmds)             In the latter case, load this package earlier.
)))
(F:\CTEX\MiKTeX\tex\latex\ctex\ctexbook.cls
Document Class: ctexbook 2011/03/11 v1.02c ctexbook document class
(F:\CTEX\MiKTeX\tex\latex\ctex\opt\ctex-common-opts.def)
(F:\CTEX\MiKTeX\tex\latex\ctex\opt\ctex-caption-opts.def
\c@CTEX@sectiondepth=\count80
)
(F:\CTEX\MiKTeX\tex\latex\ctex\opt\ctex-class-opts.def)
(F:\CTEX\CTeX\tex\latex\ctex\cfg\ctexopts.cfg)
(F:\CTEX\MiKTeX\tex\latex\ctex\def\ctex-loadclass.def
(F:\CTEX\MiKTeX\tex\latex\base\book.cls
Document Class: book 2007/10/19 v1.4h Standard LaTeX document class
(F:\CTEX\MiKTeX\tex\latex\base\bk10.clo
File: bk10.clo 2007/10/19 v1.4h Standard LaTeX file (size option)
)
\c@part=\count81
\c@chapter=\count82
\c@section=\count83
\c@subsection=\count84
\c@subsubsection=\count85
\c@paragraph=\count86
\c@subparagraph=\count87
\c@figure=\count88
\c@table=\count89
\abovecaptionskip=\skip41
\belowcaptionskip=\skip42
\bibindent=\dimen102
))
(F:\CTEX\MiKTeX\tex\latex\ctex\def\ctex-common.def
(F:\CTEX\MiKTeX\tex\latex\l3kernel\expl3.sty
(F:\CTEX\MiKTeX\tex\latex\l3kernel\l3names.sty
(F:\CTEX\MiKTeX\tex\latex\l3kernel\l3bootstrap.sty
Package: l3bootstrap 2011/12/29 v3110 L3 Experimental bootstrap code
)
Package: l3names 2011/12/30 v3113 L3 Experimental namespace for primitives
)
(F:\CTEX\MiKTeX\tex\latex\misc\etex.sty
Package: etex 1998/03/26 v2.0 eTeX basic definition package (PEB)
\et@xins=\count90
)
Package: expl3 2012/02/26 v3471 L3 Experimental code bundle wrapper

(F:\CTEX\MiKTeX\tex\latex\graphics\color.sty
Package: color 2005/11/14 v1.0j Standard LaTeX Color (DPC)

(F:\CTEX\MiKTeX\tex\latex\00miktex\color.cfg
File: color.cfg 2007/01/18 v1.5 color configuration of teTeX/TeXLive
)
Package color Info: Driver file: xetex.def on input line 130.

(F:\CTEX\MiKTeX\tex\xelatex\xetex-def\xetex.def
File: xetex.def 2009/11/22 v0.94 LaTeX color/graphics driver for XeTeX (RRM/JK)

))
(F:\CTEX\MiKTeX\tex\latex\graphics\graphics.sty
Package: graphics 2009/02/05 v1.0o Standard LaTeX Graphics (DPC,SPQR)

(F:\CTEX\MiKTeX\tex\latex\graphics\trig.sty
Package: trig 1999/03/16 v1.09 sin cos tan (DPC)
)
(F:\CTEX\MiKTeX\tex\latex\00miktex\graphics.cfg
File: graphics.cfg 2007/01/18 v1.5 graphics configuration of teTeX/TeXLive
)
Package graphics Info: Driver file: xetex.def on input line 91.
)
(F:\CTEX\MiKTeX\tex\latex\l3kernel\l3basics.sty
Package: l3basics 2012/02/26 v3460 L3 Experimental basic definitions
)
(F:\CTEX\MiKTeX\tex\latex\l3kernel\l3expan.sty
Package: l3expan 2012/02/26 v3460 L3 Experimental argument expansion
)
(F:\CTEX\MiKTeX\tex\latex\l3kernel\l3tl.sty
Package: l3tl 2012/02/26 v3460 L3 Experimental token lists
)
(F:\CTEX\MiKTeX\tex\latex\l3kernel\l3seq.sty
Package: l3seq 2012/01/09 v3158 L3 Experimental sequences and stacks
)
(F:\CTEX\MiKTeX\tex\latex\l3kernel\l3int.sty
Package: l3int 2012/02/26 v3460 L3 Experimental integers
\c_max_int=\count91
\l_tmpa_int=\count92
\l_tmpb_int=\count93
\l_tmpc_int=\count94
\g_tmpa_int=\count95
\g_tmpb_int=\count96
)
(F:\CTEX\MiKTeX\tex\latex\l3kernel\l3quark.sty
Package: l3quark 2012/02/12 v3384 L3 Experimental quarks
)
(F:\CTEX\MiKTeX\tex\latex\l3kernel\l3prg.sty
Package: l3prg 2012/02/26 v3464 L3 Experimental control structures
\g_prg_map_int=\count97
)
(F:\CTEX\MiKTeX\tex\latex\l3kernel\l3clist.sty
Package: l3clist 2012/02/26 v3460 L3 Experimental comma separated lists
)
(F:\CTEX\MiKTeX\tex\latex\l3kernel\l3token.sty
Package: l3token 2012/02/26 v3460 L3 Experimental token manipulation
)
(F:\CTEX\MiKTeX\tex\latex\l3kernel\l3prop.sty
Package: l3prop 2012/02/26 v3460 L3 Experimental property lists
)
(F:\CTEX\MiKTeX\tex\latex\l3kernel\l3msg.sty
Package: l3msg 2012/02/26 v3470 L3 Experimental messages
)
(F:\CTEX\MiKTeX\tex\latex\l3kernel\l3file.sty
Package: l3file 2012/02/26 v3464 L3 Experimental file and I/O operations
\l_iow_stream_int=\count98
\l_iow_line_length_int=\count99
\l_iow_target_length_int=\count100
\l_iow_current_line_int=\count101
\l_iow_current_word_int=\count102
\l_iow_current_indentation_int=\count103
)
(F:\CTEX\MiKTeX\tex\latex\l3kernel\l3skip.sty
Package: l3skip 2012/02/26 v3460 L3 Experimental dimensions and skips
\l_tmpa_dim=\dimen103
\l_tmpb_dim=\dimen104
\l_tmpc_dim=\dimen105
\g_tmpa_dim=\dimen106
\g_tmpb_dim=\dimen107
\l_tmpa_skip=\skip43
\l_tmpb_skip=\skip44
\l_tmpc_skip=\skip45
\g_tmpa_skip=\skip46
\g_tmpb_skip=\skip47
)
(F:\CTEX\MiKTeX\tex\latex\l3kernel\l3keys.sty
Package: l3keys 2011/12/22 v3086 L3 Experimental key-value interfaces
\g_keyval_level_int=\count104
\l_keys_choice_int=\count105
)
(F:\CTEX\MiKTeX\tex\latex\l3kernel\l3fp.sty
Package: l3fp 2012/02/06 v3315 L3 Experimental floating-point operations
\c_one_hundred_million=\count106
\c_five_hundred_million=\count107
\c_one_thousand_million=\count108
\c_fp_pi_by_four_decimal_int=\count109
\c_fp_pi_by_four_extended_int=\count110
\c_fp_pi_decimal_int=\count111
\c_fp_pi_extended_int=\count112
\c_fp_two_pi_decimal_int=\count113
\c_fp_two_pi_extended_int=\count114
\l_fp_count_int=\count115
\l_fp_div_offset_int=\count116
\l_fp_exp_integer_int=\count117
\l_fp_exp_decimal_int=\count118
\l_fp_exp_extended_int=\count119
\l_fp_exp_exponent_int=\count120
\l_fp_input_a_sign_int=\count121
\l_fp_input_a_integer_int=\count122
\l_fp_input_a_decimal_int=\count123
\l_fp_input_a_exponent_int=\count124
\l_fp_input_b_sign_int=\count125
\l_fp_input_b_integer_int=\count126
\l_fp_input_b_decimal_int=\count127
\l_fp_input_b_exponent_int=\count128
\l_fp_input_a_extended_int=\count129
\l_fp_input_b_extended_int=\count130
\l_fp_mul_a_i_int=\count131
\l_fp_mul_a_ii_int=\count132
\l_fp_mul_a_iii_int=\count133
\l_fp_mul_a_iv_int=\count134
\l_fp_mul_a_v_int=\count135
\l_fp_mul_a_vi_int=\count136
\l_fp_mul_b_i_int=\count137
\l_fp_mul_b_ii_int=\count138
\l_fp_mul_b_iii_int=\count139
\l_fp_mul_b_iv_int=\count140
\l_fp_mul_b_v_int=\count141
\l_fp_mul_b_vi_int=\count142
\l_fp_mul_output_int=\count143
\l_fp_output_sign_int=\count144
\l_fp_output_integer_int=\count145
\l_fp_output_decimal_int=\count146
\l_fp_output_exponent_int=\count147
\l_fp_output_extended_int=\count148
\l_fp_round_position_int=\count149
\l_fp_round_target_int=\count150
\l_fp_split_sign_int=\count151
\l_fp_internal_int=\count152
\l_fp_trig_octant_int=\count153
\l_fp_trig_sign_int=\count154
\l_fp_trig_decimal_int=\count155
\l_fp_trig_extended_int=\count156
\l_fp_internal_dim=\dimen108
\l_fp_internal_skip=\skip48
)
(F:\CTEX\MiKTeX\tex\latex\l3kernel\l3box.sty
Package: l3box 2012/02/18 v3432 L3 Experimental boxes
\l_tmpb_box=\box26
\l_box_top_dim=\dimen109
\l_box_bottom_dim=\dimen110
\l_box_left_dim=\dimen111
\l_box_right_dim=\dimen112
\l_box_top_new_dim=\dimen113
\l_box_bottom_new_dim=\dimen114
\l_box_left_new_dim=\dimen115
\l_box_right_new_dim=\dimen116
\l_box_internal_box=\box27
)
(F:\CTEX\MiKTeX\tex\latex\l3kernel\l3coffins.sty
Package: l3coffins 2012/02/26 v3460 L3 Experimental coffin code layer
\l_coffin_internal_box=\box28
\l_coffin_internal_dim=\dimen117
\l_coffin_offset_x_dim=\dimen118
\l_coffin_offset_y_dim=\dimen119
\l_coffin_x_dim=\dimen120
\l_coffin_y_dim=\dimen121
\l_coffin_x_prime_dim=\dimen122
\l_coffin_y_prime_dim=\dimen123
\l_coffin_Depth_dim=\dimen124
\l_coffin_Height_dim=\dimen125
\l_coffin_TotalHeight_dim=\dimen126
\l_coffin_Width_dim=\dimen127
\c_empty_coffin=\box29
\l_coffin_aligned_coffin=\box30
\l_coffin_aligned_internal_coffin=\box31
\l_coffin_bounding_shift_dim=\dimen128
\l_coffin_left_corner_dim=\dimen129
\l_coffin_right_corner_dim=\dimen130
\l_coffin_bottom_corner_dim=\dimen131
\l_coffin_top_corner_dim=\dimen132
\l_coffin_scaled_total_height_dim=\dimen133
\l_coffin_scaled_width_dim=\dimen134
\l_coffin_display_coffin=\box32
\l_coffin_display_coord_coffin=\box33
\l_coffin_display_pole_coffin=\box34
\l_coffin_display_offset_dim=\dimen135
\l_coffin_display_x_dim=\dimen136
\l_coffin_display_y_dim=\dimen137
)
(F:\CTEX\MiKTeX\tex\latex\l3kernel\l3color.sty
Package: l3color 2011/09/07 v2776 L3 Experimental colour support
)
(F:\CTEX\MiKTeX\tex\latex\l3kernel\l3luatex.sty
Package: l3luatex 2012/02/09 v3355 L3 Experimental LuaTeX-specific functions
\g_cctab_allocate_int=\count157
\g_cctab_stack_int=\count158
))
(F:\CTEX\MiKTeX\tex\latex\etoolbox\etoolbox.sty
Package: etoolbox 2011/01/03 v2.1 e-TeX tools for LaTeX
\etb@tempcnta=\count159
)
(F:\CTEX\MiKTeX\tex\generic\oberdiek\ifpdf.sty
Package: ifpdf 2011/01/30 v2.3 Provides the ifpdf switch (HO)
Package ifpdf Info: pdfTeX in PDF mode is not detected.
)
(F:\CTEX\MiKTeX\tex\generic\ifxetex\ifxetex.sty
Package: ifxetex 2010/09/12 v0.6 Provides ifxetex conditional
)
(F:\CTEX\MiKTeX\tex\latex\tools\indentfirst.sty
Package: indentfirst 1995/11/23 v1.03 Indent first paragraph (DPC)
)
(F:\CTEX\MiKTeX\tex\latex\base\fix-cm.sty
Package: fix-cm 2006/09/13 v1.1m fixes to LaTeX

(F:\CTEX\MiKTeX\tex\latex\base\ts1enc.def
File: ts1enc.def 2001/06/05 v3.0e (jk/car/fm) Standard LaTeX file
))
(F:\CTEX\MiKTeX\tex\latex\ctex\engine\ctex-xecjk-engine.def
(F:\CTEX\MiKTeX\tex\latex\savesym\savesym.sty

LaTeX Warning: You have requested package `savesym',
               but the package provides `savesymbol'.

Package: savesymbol 2003/06/01 v1.1 Saves and restores symbols
) (F:\CTEX\MiKTeX\tex\xelatex\xecjk\xeCJK.sty
Package: xeCJK 2012/01/31 2.4.5 package for typesetting CJK scripts with XeLaTe
X

(F:\CTEX\MiKTeX\tex\latex\xkeyval\xkeyval.sty
Package: xkeyval 2008/08/13 v2.6a package option processing (HA)

(F:\CTEX\MiKTeX\tex\generic\xkeyval\xkeyval.tex
\XKV@toks=\toks15
\XKV@tempa@toks=\toks16
\XKV@depth=\count160
File: xkeyval.tex 2008/08/13 v2.6a key=value parser (HA)
))
(F:\CTEX\MiKTeX\tex\latex\fontspec\fontspec.sty
Package: fontspec 2011/09/18 v2.2a Advanced font selection for XeLaTeX/LuaLaTeX


(F:\CTEX\MiKTeX\tex\latex\l3packages\xparse\xparse.sty
Package: xparse 2012/02/26 v3471 L3 Experimental document command parser
\l_xparse_current_arg_int=\count161
\l_xparse_m_args_int=\count162
\l_xparse_mandatory_args_int=\count163
\l_xparse_processor_int=\count164
\l_xparse_v_nesting_int=\count165
)
\l_fontspec_script_int=\count166
\l_fontspec_language_int=\count167
\l_fontspec_strnum_int=\count168
\l_fontspec_tmpa_dim=\dimen138
\l_fontspec_tmpb_dim=\dimen139
\l_fontspec_tmpc_dim=\dimen140
Variant \tl_gset:cV already defined; not changing it on line 66

(F:\CTEX\MiKTeX\tex\latex\fontspec\fontspec-patches.sty
Package: fontspec-patches 2011/09/18 v2.2a Advanced font selection for XeLaTeX/
LuaLaTeX

(F:\CTEX\MiKTeX\tex\latex\base\fixltx2e.sty
Package: fixltx2e 2006/09/13 v1.1m fixes to LaTeX
LaTeX Info: Redefining \em on input line 420.
)
LaTeX Info: Redefining \em on input line 22.
LaTeX Info: Redefining \emph on input line 29.
LaTeX Info: Redefining \- on input line 32.

*************************************************
* LaTeX warning: "xparse/redefine-command"
* 
* Redefining document command \oldstylenums with arg. spec. 'm' on line 107.
*************************************************
.................................................
. LaTeX info: "xparse/define-command"
. 
. Defining document command \liningnums with arg. spec. 'm' on line 111.
.................................................
) (F:\CTEX\MiKTeX\tex\latex\fontspec\fontspec-xetex.sty
Package: fontspec-xetex 2011/09/18 v2.2a Advanced font selection for XeLaTeX/Lu
aLaTeX

(F:\CTEX\MiKTeX\tex\latex\base\fontenc.sty
Package: fontenc 2005/09/27 v1.99g Standard LaTeX package

(F:\CTEX\MiKTeX\tex\latex\euenc\eu1enc.def
File: eu1enc.def 2010/05/27 v0.1h Experimental Unicode font encodings
)
LaTeX Font Info:    Try loading font information for EU1+lmr on input line 100.


(F:\CTEX\MiKTeX\tex\latex\euenc\eu1lmr.fd
File: eu1lmr.fd 2009/10/30 v1.6 Font defs for Latin Modern
)
Requested font "[lmroman10-regular]:mapping=tex-text" at 10.0pt
 -> F:/CTEX/MiKTeX/fonts/opentype/public/lm/lmroman10-regular.otf
)
(F:\CTEX\MiKTeX\tex\xelatex\xunicode\xunicode.sty
File: xunicode.sty 2011/09/09 v0.981 provides access to latin accents and many 
other characters in Unicode lower plane

(F:\CTEX\MiKTeX\tex\latex\tipa\t3enc.def
File: t3enc.def 2001/12/31 T3 encoding
Requested font "[lmromanslant10-regular]:mapping=tex-text" at 10.0pt
 -> F:/CTEX/MiKTeX/fonts/opentype/public/lm/lmromanslant10-regular.otf
Requested font "[lmroman10-italic]:mapping=tex-text" at 10.0pt
 -> F:/CTEX/MiKTeX/fonts/opentype/public/lm/lmroman10-italic.otf
Requested font "[lmroman10-bold]:mapping=tex-text" at 10.0pt
 -> F:/CTEX/MiKTeX/fonts/opentype/public/lm/lmroman10-bold.otf
LaTeX Font Info:    Try loading font information for EU1+lmss on input line 357
.

(F:\CTEX\MiKTeX\tex\latex\euenc\eu1lmss.fd
File: eu1lmss.fd 2009/10/30 v1.6 Font defs for Latin Modern
)
Requested font "[lmsans10-regular]:mapping=tex-text" at 10.0pt
 -> F:/CTEX/MiKTeX/fonts/opentype/public/lm/lmsans10-regular.otf
)
\tipaTiiicode=\count169
\tipasavetokens=\toks17
\tipachecktokens=\toks18

(F:\CTEX\MiKTeX\tex\latex\graphics\graphicx.sty
Package: graphicx 1999/02/16 v1.0f Enhanced LaTeX Graphics (DPC,SPQR)
\Gin@req@height=\dimen141
\Gin@req@width=\dimen142
))
.................................................
. LaTeX info: "xparse/define-command"
. 
. Defining document command \fontspec with arg. spec. 'O{}m' on line 39.
.................................................
.................................................
. LaTeX info: "xparse/define-command"
. 
. Defining document command \setmainfont with arg. spec. 'O{}m' on line 43.
.................................................
.................................................
. LaTeX info: "xparse/define-command"
. 
. Defining document command \setsansfont with arg. spec. 'O{}m' on line 47.
.................................................
.................................................
. LaTeX info: "xparse/define-command"
. 
. Defining document command \setmonofont with arg. spec. 'O{}m' on line 51.
.................................................
.................................................
. LaTeX info: "xparse/define-command"
. 
. Defining document command \setmathrm with arg. spec. 'O{}m' on line 59.
.................................................
.................................................
. LaTeX info: "xparse/define-command"
. 
. Defining document command \setboldmathrm with arg. spec. 'O{}m' on line 62.
.................................................
.................................................
. LaTeX info: "xparse/define-command"
. 
. Defining document command \setmathsf with arg. spec. 'O{}m' on line 65.
.................................................
.................................................
. LaTeX info: "xparse/define-command"
. 
. Defining document command \setmathtt with arg. spec. 'O{}m' on line 68.
.................................................
.................................................
. LaTeX info: "xparse/define-command"
. 
. Defining document command \newfontfamily with arg. spec. 'mO{}m' on line 84.
.................................................
.................................................
. LaTeX info: "xparse/define-command"
. 
. Defining document command \newfontface with arg. spec. 'mO{}m' on line 87.
.................................................
.................................................
. LaTeX info: "xparse/define-command"
. 
. Defining document command \defaultfontfeatures with arg. spec. 'm' on line
. 91.
.................................................
.................................................
. LaTeX info: "xparse/define-command"
. 
. Defining document command \addfontfeatures with arg. spec. 'm' on line 107.
.................................................
.................................................
. LaTeX info: "xparse/define-command"
. 
. Defining document command \newfontfeature with arg. spec. 'mm' on line 118.
.................................................
.................................................
. LaTeX info: "xparse/define-command"
. 
. Defining document command \newAATfeature with arg. spec. 'mmmm' on line 125.
.................................................
.................................................
. LaTeX info: "xparse/define-command"
. 
. Defining document command \newICUfeature with arg. spec. 'mmm' on line 132.
.................................................
.................................................
. LaTeX info: "xparse/define-command"
. 
. Defining document command \aliasfontfeature with arg. spec. 'mm' on line
. 159.
.................................................
.................................................
. LaTeX info: "xparse/define-command"
. 
. Defining document command \aliasfontfeatureoption with arg. spec. 'mmm' on
. line 164.
.................................................
.................................................
. LaTeX info: "xparse/define-command"
. 
. Defining document command \newfontscript with arg. spec. 'mm' on line 169.
.................................................
.................................................
. LaTeX info: "xparse/define-command"
. 
. Defining document command \newfontlanguage with arg. spec. 'mm' on line 192.
.................................................
.................................................
. LaTeX info: "xparse/define-command"
. 
. Defining document command \DeclareFontsExtensions with arg. spec. 'm' on
. line 211.
.................................................
Variant \prop_gput:cnV already defined; not changing it on line 485
Variant \prop_gput:cnx already defined; not changing it on line 486
Variant \keys_set:nx already defined; not changing it on line 963
\c@fontspec_tmp_int=\count170
LaTeX Info: Redefining \itshape on input line 1881.
LaTeX Info: Redefining \slshape on input line 1885.
LaTeX Info: Redefining \scshape on input line 1889.
LaTeX Info: Redefining \upshape on input line 1893.

(F:\CTEX\MiKTeX\tex\latex\fontspec\fontspec.cfg)))
\xeCJK@cnta=\count171
\xeCJK@cntb=\count172
\xeCJK@cntc=\count173
\xeCJK@cntd=\count174
\xeCJK@cnte=\count175
\xeCJK@dima=\dimen143
LaTeX Info: Redefining \normalfont on input line 886.
LaTeX Info: Redefining \rmfamily on input line 895.
LaTeX Info: Redefining \sffamily on input line 899.
LaTeX Info: Redefining \ttfamily on input line 903.
\xeCJK@featureadded=\count176
\g_xecjk_exspace_dim=\dimen144
)
(F:\CTEX\MiKTeX\tex\latex\ctex\engine\ctex-cjk-common.def
\ccwd=\dimen145
)
(F:\CTEX\MiKTeX\tex\latex\ctex\fontset\ctex-xecjk-winfonts.def))
\CTEX@q=\count177
\CTEX@r=\count178
)
(F:\CTEX\MiKTeX\tex\latex\ctex\def\ctex-caption.def)
(F:\CTEX\MiKTeX\tex\latex\ctex\def\ctex-class.def
Requested font "[lmroman10-regular]:mapping=tex-text" at 10.54pt
 -> F:/CTEX/MiKTeX/fonts/opentype/public/lm/lmroman10-regular.otf
)
(F:\CTEX\MiKTeX\tex\latex\ctex\def\ctex-book.def))
(F:\CTEX\MiKTeX\tex\latex\ctex\def\ctex-utf8.def)
(F:\CTEX\MiKTeX\tex\latex\ctex\cfg\ctexcap.cfg
(F:\CTEX\MiKTeX\tex\latex\ctex\cfg\ctexcap-utf8.cfg))
(F:\CTEX\MiKTeX\tex\latex\ctex\cfg\